0 info it worked if it ends with ok
1 verbose cli [ '/usr/bin/nodejs', '/usr/bin/npm', 'build', 'tsconfig.json' ]
2 info using npm@3.5.2
3 info using node@v4.2.6
4 info build /home/jordie/Documenten/2e jaar nieuwe methode/skeleton app/ts-skeleton-app/tsconfig.json
5 verbose stack Error: ENOTDIR: not a directory, open '/home/jordie/Documenten/2e jaar nieuwe methode/skeleton app/ts-skeleton-app/tsconfig.json/package.json'
5 verbose stack     at Error (native)
6 verbose cwd /home/jordie/Documenten/2e jaar nieuwe methode/skeleton app/ts-skeleton-app
7 error Linux 4.4.0-72-generic
8 error argv "/usr/bin/nodejs" "/usr/bin/npm" "build" "tsconfig.json"
9 error node v4.2.6
10 error npm  v3.5.2
11 error path /home/jordie/Documenten/2e jaar nieuwe methode/skeleton app/ts-skeleton-app/tsconfig.json/package.json
12 error code ENOTDIR
13 error errno -20
14 error syscall open
15 error ENOTDIR: not a directory, open '/home/jordie/Documenten/2e jaar nieuwe methode/skeleton app/ts-skeleton-app/tsconfig.json/package.json'
16 error If you need help, you may report this error at:
16 error     <https://github.com/npm/npm/issues>
17 verbose exit [ -20, true ]
